{"/Users/kseniiam/Desktop/stocks-service/src/app.ts": {"path":"/Users/kseniiam/Desktop/stocks-service/src/app.ts","statementMap":{"0":{"start":{"line":1,"column":0},"end":{"line":1,"column":51}},"1":{"start":{"line":3,"column":0},"end":{"line":3,"column":41}},"2":{"start":{"line":4,"column":0},"end":{"line":4,"column":38}},"3":{"start":{"line":5,"column":0},"end":{"line":5,"column":65}},"4":{"start":{"line":8,"column":12},"end":{"line":8,"column":21}},"5":{"start":{"line":9,"column":16},"end":{"line":9,"column":29}},"6":{"start":{"line":10,"column":19},"end":{"line":10,"column":30}},"7":{"start":{"line":12,"column":24},"end":{"line":12,"column":42}},"8":{"start":{"line":14,"column":0},"end":{"line":14,"column":19}},"9":{"start":{"line":16,"column":0},"end":{"line":32,"column":3}},"10":{"start":{"line":17,"column":2},"end":{"line":31,"column":4}},"11":{"start":{"line":18,"column":35},"end":{"line":18,"column":51}},"12":{"start":{"line":20,"column":24},"end":{"line":20,"column":83}},"13":{"start":{"line":22,"column":35},"end":{"line":22,"column":88}},"14":{"start":{"line":24,"column":29},"end":{"line":24,"column":77}},"15":{"start":{"line":26,"column":4},"end":{"line":26,"column":32}},"16":{"start":{"line":28,"column":28},"end":{"line":28,"column":72}},"17":{"start":{"line":30,"column":4},"end":{"line":30,"column":38}}},"fnMap":{"0":{"name":"(anonymous_1)","decl":{"start":{"line":16,"column":20},"end":{"line":16,"column":25}},"loc":{"start":{"line":16,"column":58},"end":{"line":32,"column":1}}}},"branchMap":{"0":{"loc":{"start":{"line":28,"column":28},"end":{"line":28,"column":39}},"type":"binary-expr","locations":[{"start":{"line":28,"column":28},"end":{"line":28,"column":39}},{"start":{"line":28,"column":43},"end":{"line":28,"column":72}}]}},"s":{"0":1,"1":1,"2":1,"3":1,"4":1,"5":1,"6":1,"7":1,"8":1,"9":1,"10":3,"11":3,"12":3,"13":2,"14":1,"15":1,"16":2,"17":2},"f":{"0":3},"b":{"0":[2,0]}}
,"/Users/kseniiam/Desktop/stocks-service/src/services/company.ts": {"path":"/Users/kseniiam/Desktop/stocks-service/src/services/company.ts","statementMap":{"0":{"start":{"line":1,"column":0},"end":{"line":1,"column":26}},"1":{"start":{"line":2,"column":0},"end":{"line":2,"column":28}},"2":{"start":{"line":8,"column":10},"end":{"line":8,"column":null}},"3":{"start":{"line":14,"column":35},"end":{"line":14,"column":51}},"4":{"start":{"line":16,"column":43},"end":{"line":20,"column":6}},"5":{"start":{"line":22,"column":4},"end":{"line":22,"column":29}},"6":{"start":{"line":26,"column":4},"end":{"line":43,"column":null}},"7":{"start":{"line":27,"column":57},"end":{"line":27,"column":88}},"8":{"start":{"line":29,"column":6},"end":{"line":40,"column":null}},"9":{"start":{"line":30,"column":8},"end":{"line":30,"column":33}},"10":{"start":{"line":32,"column":25},"end":{"line":32,"column":150}},"11":{"start":{"line":33,"column":41},"end":{"line":33,"column":66}},"12":{"start":{"line":35,"column":27},"end":{"line":35,"column":69}},"13":{"start":{"line":37,"column":8},"end":{"line":37,"column":52}},"14":{"start":{"line":39,"column":8},"end":{"line":39,"column":26}},"15":{"start":{"line":42,"column":6},"end":{"line":42,"column":52}},"16":{"start":{"line":7,"column":0},"end":{"line":7,"column":21}}},"fnMap":{"0":{"name":"(anonymous_1)","decl":{"start":{"line":10,"column":2},"end":{"line":10,"column":null}},"loc":{"start":{"line":10,"column":2},"end":{"line":11,"column":3}}},"1":{"name":"(anonymous_2)","decl":{"start":{"line":13,"column":10},"end":{"line":13,"column":36}},"loc":{"start":{"line":13,"column":65},"end":{"line":23,"column":3}}},"2":{"name":"(anonymous_3)","decl":{"start":{"line":25,"column":9},"end":{"line":25,"column":14}},"loc":{"start":{"line":25,"column":67},"end":{"line":44,"column":3}}}},"branchMap":{"0":{"loc":{"start":{"line":29,"column":6},"end":{"line":40,"column":null}},"type":"if","locations":[{"start":{"line":29,"column":6},"end":{"line":40,"column":null}},{"start":{"line":29,"column":6},"end":{"line":40,"column":null}}]}},"s":{"0":2,"1":2,"2":2,"3":4,"4":3,"5":3,"6":4,"7":4,"8":4,"9":0,"10":4,"11":4,"12":4,"13":3,"14":3,"15":1,"16":2},"f":{"0":2,"1":4,"2":4},"b":{"0":[0,4]}}
,"/Users/kseniiam/Desktop/stocks-service/src/services/responseConstructor.ts": {"path":"/Users/kseniiam/Desktop/stocks-service/src/services/responseConstructor.ts","statementMap":{"0":{"start":{"line":10,"column":31},"end":{"line":10,"column":42}},"1":{"start":{"line":12,"column":51},"end":{"line":16,"column":6}},"2":{"start":{"line":18,"column":4},"end":{"line":18,"column":47}},"3":{"start":{"line":19,"column":4},"end":{"line":19,"column":29}},"4":{"start":{"line":23,"column":4},"end":{"line":23,"column":59}},"5":{"start":{"line":4,"column":0},"end":{"line":4,"column":21}}},"fnMap":{"0":{"name":"(anonymous_0)","decl":{"start":{"line":9,"column":2},"end":{"line":9,"column":14}},"loc":{"start":{"line":9,"column":87},"end":{"line":20,"column":3}}},"1":{"name":"(anonymous_1)","decl":{"start":{"line":22,"column":9},"end":{"line":22,"column":17}},"loc":{"start":{"line":22,"column":17},"end":{"line":24,"column":3}}}},"branchMap":{},"s":{"0":1,"1":1,"2":1,"3":1,"4":1,"5":1},"f":{"0":1,"1":1},"b":{}}
,"/Users/kseniiam/Desktop/stocks-service/src/services/stocks.ts": {"path":"/Users/kseniiam/Desktop/stocks-service/src/services/stocks.ts","statementMap":{"0":{"start":{"line":1,"column":0},"end":{"line":1,"column":26}},"1":{"start":{"line":2,"column":0},"end":{"line":2,"column":28}},"2":{"start":{"line":8,"column":10},"end":{"line":8,"column":null}},"3":{"start":{"line":14,"column":4},"end":{"line":16,"column":6}},"4":{"start":{"line":20,"column":4},"end":{"line":43,"column":6}},"5":{"start":{"line":23,"column":10},"end":{"line":23,"column":17}},"6":{"start":{"line":25,"column":56},"end":{"line":25,"column":84}},"7":{"start":{"line":27,"column":6},"end":{"line":40,"column":8}},"8":{"start":{"line":28,"column":8},"end":{"line":28,"column":28}},"9":{"start":{"line":31,"column":23},"end":{"line":31,"column":131}},"10":{"start":{"line":33,"column":40},"end":{"line":33,"column":67}},"11":{"start":{"line":35,"column":46},"end":{"line":35,"column":71}},"12":{"start":{"line":37,"column":8},"end":{"line":37,"column":50}},"13":{"start":{"line":39,"column":8},"end":{"line":39,"column":27}},"14":{"start":{"line":42,"column":6},"end":{"line":42,"column":44}},"15":{"start":{"line":7,"column":0},"end":{"line":7,"column":21}}},"fnMap":{"0":{"name":"(anonymous_1)","decl":{"start":{"line":10,"column":2},"end":{"line":10,"column":null}},"loc":{"start":{"line":10,"column":2},"end":{"line":11,"column":3}}},"1":{"name":"(anonymous_2)","decl":{"start":{"line":13,"column":10},"end":{"line":13,"column":18}},"loc":{"start":{"line":13,"column":38},"end":{"line":17,"column":3}}},"2":{"name":"(anonymous_3)","decl":{"start":{"line":19,"column":9},"end":{"line":19,"column":14}},"loc":{"start":{"line":19,"column":66},"end":{"line":44,"column":3}}}},"branchMap":{"0":{"loc":{"start":{"line":27,"column":6},"end":{"line":40,"column":8}},"type":"if","locations":[{"start":{"line":27,"column":6},"end":{"line":40,"column":8}},{"start":{"line":27,"column":6},"end":{"line":40,"column":8}}]}},"s":{"0":2,"1":2,"2":2,"3":3,"4":3,"5":3,"6":3,"7":3,"8":0,"9":3,"10":3,"11":3,"12":2,"13":2,"14":1,"15":2},"f":{"0":2,"1":3,"2":3},"b":{"0":[0,3]}}
}
