TN:
SF:src/app.ts
FN:16,(anonymous_1)
FNF:1
FNH:1
FNDA:3,(anonymous_1)
DA:1,1
DA:3,1
DA:4,1
DA:5,1
DA:8,1
DA:9,1
DA:10,1
DA:12,1
DA:14,1
DA:16,1
DA:17,3
DA:18,3
DA:20,3
DA:22,2
DA:24,1
DA:26,1
DA:28,2
DA:30,2
LF:18
LH:18
BRDA:28,0,0,2
BRDA:28,0,1,0
BRF:2
BRH:1
end_of_record
TN:
SF:src/services/company.ts
FN:10,(anonymous_1)
FN:13,(anonymous_2)
FN:25,(anonymous_3)
FNF:3
FNH:3
FNDA:2,(anonymous_1)
FNDA:4,(anonymous_2)
FNDA:4,(anonymous_3)
DA:1,2
DA:2,2
DA:7,2
DA:8,2
DA:14,4
DA:16,3
DA:22,3
DA:26,4
DA:27,4
DA:29,4
DA:30,0
DA:32,4
DA:33,4
DA:35,4
DA:37,3
DA:39,3
DA:42,1
LF:17
LH:16
BRDA:29,0,0,0
BRDA:29,0,1,4
BRF:2
BRH:1
end_of_record
TN:
SF:src/services/responseConstructor.ts
FN:9,(anonymous_0)
FN:22,(anonymous_1)
FNF:2
FNH:2
FNDA:1,(anonymous_0)
FNDA:1,(anonymous_1)
DA:4,1
DA:10,1
DA:12,1
DA:18,1
DA:19,1
DA:23,1
LF:6
LH:6
BRF:0
BRH:0
end_of_record
TN:
SF:src/services/stocks.ts
FN:10,(anonymous_1)
FN:13,(anonymous_2)
FN:19,(anonymous_3)
FNF:3
FNH:3
FNDA:2,(anonymous_1)
FNDA:3,(anonymous_2)
FNDA:3,(anonymous_3)
DA:1,2
DA:2,2
DA:7,2
DA:8,2
DA:14,3
DA:20,3
DA:23,3
DA:25,3
DA:27,3
DA:28,0
DA:31,3
DA:33,3
DA:35,3
DA:37,2
DA:39,2
DA:42,1
LF:16
LH:15
BRDA:27,0,0,0
BRDA:27,0,1,3
BRF:2
BRH:1
end_of_record
